Performing C SOURCE FILE Test CMAKE_HAVE_LIBC_PTHREAD failed with the following output:
Change Dir: C:/EK/android_test_yolo_bcp01/ncnn-android-yolov8-main/ncnn-android-yolov8-percobaan5/app/.cxx/Debug/1b6i2e2h/x86_64/CMakeFiles/CMakeTmp

Run Build Command(s):C:\Users\AI\AppData\Local\Android\Sdk\cmake\3.22.1\bin\ninja.exe cmTC_e46c9 && [1/2] Building C object CMakeFiles/cmTC_e46c9.dir/src.c.o
C:/EK/android_test_yolo_bcp01/ncnn-android-yolov8-main/ncnn-android-yolov8-percobaan5/app/.cxx/Debug/1b6i2e2h/x86_64/CMakeFiles/CMakeTmp/src.c:13:3: warning: implicit declaration of function 'pthread_cancel' is invalid in C99 [-Wimplicit-function-declaration]
  pthread_cancel(thread);
  ^
1 warning generated.
[2/2] Linking C executable cmTC_e46c9
FAILED: cmTC_e46c9 
cmd.exe /C "cd . && C:\Users\AI\AppData\Local\Android\Sdk\ndk\25.1.8937393\toolchains\llvm\prebuilt\windows-x86_64\bin\clang.exe --target=x86_64-none-linux-android24 --sysroot=C:/Users/AI/AppData/Local/Android/Sdk/ndk/25.1.8937393/toolchains/llvm/prebuilt/windows-x86_64/sysroot -g -DANDROID -fdata-sections -ffunction-sections -funwind-tables -fstack-protector-strong -no-canonical-prefixes -D_FORTIFY_SOURCE=2 -Wformat -Werror=format-security -static-libstdc++ -Wl,--build-id=sha1 -Wl,--no-rosegment -Wl,--fatal-warnings -Wl,--gc-sections -Wl,--no-undefined -Qunused-arguments -Wl,--gc-sections CMakeFiles/cmTC_e46c9.dir/src.c.o -o cmTC_e46c9  -latomic -lm && cd ."
ld: error: undefined symbol: pthread_cancel
>>> referenced by src.c:13
>>>               CMakeFiles/cmTC_e46c9.dir/src.c.o:(main)
clang: error: linker command failed with exit code 1 (use -v to see invocation)
ninja: build stopped: subcommand failed.


Source file was:
#include <pthread.h>

static void* test_func(void* data)
{
  return data;
}

int main(void)
{
  pthread_t thread;
  pthread_create(&thread, NULL, test_func, NULL);
  pthread_detach(thread);
  pthread_cancel(thread);
  pthread_join(thread, NULL);
  pthread_atfork(NULL, NULL, NULL);
  pthread_exit(NULL);

  return 0;
}

